2025-06-14 22:05:10,017:DEBUG:asyncio: Using selector: SelectSelector
2025-06-14 22:05:10,022:WARNING:discord.client: PyNaCl is not installed, voice will NOT be supported
2025-06-14 22:05:10,022:DEBUG:discord.client: on_ready has successfully been registered as an event
2025-06-14 22:05:10,022:INFO:discord.client: logging in using static token
2025-06-14 22:05:10,276:DEBUG:discord.http: GET https://discord.com/api/v7/users/@me with None has returned 200
2025-06-14 22:05:10,277:DEBUG:discord.http: GET https://discord.com/api/v7/users/@me has received {'id': '1383148289477840989', 'username': 'BookBot', 'avatar': '807e54d214d19246235e5317e496d344', 'discriminator': '2953', 'public_flags': 0, 'flags': 0, 'bot': True, 'banner': None, 'accent_color': None, 'global_name': None, 'avatar_decoration_data': None, 'collectibles': None, 'banner_color': None, 'clan': None, 'primary_guild': None, 'mfa_enabled': True, 'locale': 'en-US', 'premium_type': 0, 'email': None, 'verified': True, 'bio': ''}
2025-06-14 22:05:10,329:DEBUG:discord.http: GET https://discord.com/api/v7/gateway with None has returned 200
2025-06-14 22:05:10,329:DEBUG:discord.http: GET https://discord.com/api/v7/gateway has received {'url': 'wss://gateway.discord.gg'}
2025-06-14 22:05:10,476:DEBUG:discord.gateway: Created websocket connected to wss://gateway.discord.gg?encoding=json&v=6&compress=zlib-stream
2025-06-14 22:05:10,476:DEBUG:discord.client: Dispatching event socket_raw_receive
2025-06-14 22:05:10,476:DEBUG:discord.gateway: For Shard ID None: WebSocket Event: {'t': None, 's': None, 'op': 10, 'd': {'heartbeat_interval': 41250, '_trace': ['["gateway-prd-us-east1-d-7bqh",{"micros":0.0}]']}}
2025-06-14 22:05:10,476:DEBUG:discord.client: Dispatching event socket_response
2025-06-14 22:05:10,476:DEBUG:discord.client: Dispatching event socket_raw_send
2025-06-14 22:05:10,478:DEBUG:discord.client: Dispatching event socket_raw_send
2025-06-14 22:05:10,478:INFO:discord.gateway: Shard ID None has sent the IDENTIFY payload.
2025-06-14 22:05:10,514:DEBUG:discord.client: Dispatching event socket_raw_receive
2025-06-14 22:05:10,514:DEBUG:discord.gateway: For Shard ID None: WebSocket Event: {'t': None, 's': None, 'op': 11, 'd': None}
2025-06-14 22:05:10,514:DEBUG:discord.client: Dispatching event socket_response
2025-06-14 22:05:10,829:DEBUG:discord.client: Dispatching event socket_raw_receive
2025-06-14 22:05:10,829:DEBUG:discord.gateway: For Shard ID None: WebSocket Event: {'t': 'READY', 's': 1, 'op': 0, 'd': {'v': 6, 'user_settings': {}, 'user': {'verified': True, 'username': 'BookBot', 'primary_guild': None, 'mfa_enabled': True, 'id': '1383148289477840989', 'global_name': None, 'flags': 0, 'email': None, 'discriminator': '2953', 'clan': None, 'bot': True, 'avatar': '807e54d214d19246235e5317e496d344'}, 'session_type': 'normal', 'session_id': '5d31c9e3c97e671be24033154ba31a35', 'resume_gateway_url': 'wss://gateway-us-east1-d.discord.gg', 'relationships': [], 'private_channels': [], 'presences': [], 'guilds': [{'unavailable': True, 'id': '1383148867159195749'}], 'guild_join_requests': [], 'geo_ordered_rtc_regions': ['newark', 'us-east', 'atlanta', 'us-central', 'us-south'], 'game_relationships': [], 'auth': {}, 'application': {'id': '1383148289477840989', 'flags': 557056}, '_trace': ['["gateway-prd-us-east1-d-7bqh",{"micros":304268,"calls":["id_created",{"micros":771,"calls":[]},"session_lookup_time",{"micros":342,"calls":[]},"session_lookup_finished",{"micros":18,"calls":[]},"discord-sessions-prd-2-84",{"micros":302601,"calls":["start_session",{"micros":264831,"calls":["discord-api-rpc-f55bfd467-pn9cq",{"micros":193272,"calls":["get_user",{"micros":6481},"get_guilds",{"micros":23476},"send_scheduled_deletion_message",{"micros":14},"guild_join_requests",{"micros":12555},"authorized_ip_coro",{"micros":16},"pending_payments",{"micros":25217},"apex_user_experiments",{"micros":6},"user_activities",{"micros":3},"played_application_ids",{"micros":2}]}]},"starting_guild_connect",{"micros":28,"calls":[]},"presence_started",{"micros":16843,"calls":[]},"guilds_started",{"micros":77,"calls":[]},"lobbies_started",{"micros":1,"calls":[]},"guilds_connect",{"micros":1,"calls":[]},"presence_connect",{"micros":20804,"calls":[]},"connect_finished",{"micros":20808,"calls":[]},"build_ready",{"micros":11,"calls":[]},"clean_ready",{"micros":1,"calls":[]},"optimize_ready",{"micros":0,"calls":[]},"split_ready",{"micros":1,"calls":[]}]}]}]']}}
2025-06-14 22:05:10,829:DEBUG:discord.client: Dispatching event socket_response
2025-06-14 22:05:10,829:INFO:discord.gateway: Shard ID None has connected to Gateway: ["gateway-prd-us-east1-d-7bqh",{"micros":304268,"calls":["id_created",{"micros":771,"calls":[]},"session_lookup_time",{"micros":342,"calls":[]},"session_lookup_finished",{"micros":18,"calls":[]},"discord-sessions-prd-2-84",{"micros":302601,"calls":["start_session",{"micros":264831,"calls":["discord-api-rpc-f55bfd467-pn9cq",{"micros":193272,"calls":["get_user",{"micros":6481},"get_guilds",{"micros":23476},"send_scheduled_deletion_message",{"micros":14},"guild_join_requests",{"micros":12555},"authorized_ip_coro",{"micros":16},"pending_payments",{"micros":25217},"apex_user_experiments",{"micros":6},"user_activities",{"micros":3},"played_application_ids",{"micros":2}]}]},"starting_guild_connect",{"micros":28,"calls":[]},"presence_started",{"micros":16843,"calls":[]},"guilds_started",{"micros":77,"calls":[]},"lobbies_started",{"micros":1,"calls":[]},"guilds_connect",{"micros":1,"calls":[]},"presence_connect",{"micros":20804,"calls":[]},"connect_finished",{"micros":20808,"calls":[]},"build_ready",{"micros":11,"calls":[]},"clean_ready",{"micros":1,"calls":[]},"optimize_ready",{"micros":0,"calls":[]},"split_ready",{"micros":1,"calls":[]}]}]}] (Session ID: 5d31c9e3c97e671be24033154ba31a35).
2025-06-14 22:05:10,834:DEBUG:discord.client: Dispatching event connect
2025-06-14 22:05:10,834:DEBUG:discord.client: Dispatching event socket_raw_receive
2025-06-14 22:05:10,883:DEBUG:discord.client: Dispatching event socket_response
2025-06-14 22:05:10,884:DEBUG:discord.client: Dispatching event socket_raw_send
2025-06-14 22:05:10,933:DEBUG:discord.client: Dispatching event socket_raw_receive
2025-06-14 22:05:10,933:DEBUG:discord.gateway: For Shard ID None: WebSocket Event: {'t': 'GUILD_MEMBERS_CHUNK', 's': 3, 'op': 0, 'd': {'nonce': '62e3f32cb17be765abef048bd04c0fde', 'members': [{'user': {'username': 'pbhav.', 'public_flags': 0, 'primary_guild': None, 'id': '449229001085681668', 'global_name': 'Pbhav.', 'display_name': 'Pbhav.', 'discriminator': '0', 'collectibles': None, 'bot': False, 'avatar_decoration_data': None, 'avatar': 'cf75bb99ebf334be656e991e2592a4cf'}, 'roles': [], 'premium_since': None, 'pending': False, 'nick': None, 'mute': False, 'joined_at': '2025-06-13T18:19:47.624000+00:00', 'flags': 0, 'deaf': False, 'communication_disabled_until': None, 'banner': None, 'avatar': None}, {'user': {'username': 'BookBot', 'public_flags': 0, 'primary_guild': None, 'id': '1383148289477840989', 'global_name': None, 'display_name': None, 'discriminator': '2953', 'collectibles': None, 'bot': True, 'avatar_decoration_data': None, 'avatar': '807e54d214d19246235e5317e496d344'}, 'roles': ['1383149943471997072'], 'premium_since': None, 'pending': False, 'nick': None, 'mute': False, 'joined_at': '2025-06-13T18:24:04.313000+00:00', 'flags': 0, 'deaf': False, 'communication_disabled_until': None, 'banner': None, 'avatar': None}], 'guild_id': '1383148867159195749', 'chunk_index': 0, 'chunk_count': 1}}
2025-06-14 22:05:10,933:DEBUG:discord.client: Dispatching event socket_response
2025-06-14 22:05:10,933:DEBUG:discord.state: Processed a chunk for 2 members in guild ID 1383148867159195749.
2025-06-14 22:05:12,891:DEBUG:discord.client: Dispatching event guild_available
2025-06-14 22:05:12,891:DEBUG:discord.client: Dispatching event ready
2025-06-14 22:05:27,260:DEBUG:discord.client: Dispatching event socket_raw_receive
2025-06-14 22:05:27,260:DEBUG:discord.gateway: For Shard ID None: WebSocket Event: {'t': 'TYPING_START', 's': 4, 'op': 0, 'd': {'user_id': '449229001085681668', 'timestamp': 1749953127, 'member': {'user': {'username': 'pbhav.', 'public_flags': 0, 'primary_guild': None, 'id': '449229001085681668', 'global_name': 'Pbhav.', 'display_name': 'Pbhav.', 'discriminator': '0', 'collectibles': None, 'bot': False, 'avatar_decoration_data': None, 'avatar': 'cf75bb99ebf334be656e991e2592a4cf'}, 'roles': [], 'premium_since': None, 'pending': False, 'nick': None, 'mute': False, 'joined_at': '2025-06-13T18:19:47.624000+00:00', 'flags': 0, 'deaf': False, 'communication_disabled_until': None, 'banner': None, 'avatar': None}, 'channel_id': '1383148867599728680', 'guild_id': '1383148867159195749'}}
2025-06-14 22:05:27,260:DEBUG:discord.client: Dispatching event socket_response
2025-06-14 22:05:27,260:DEBUG:discord.client: Dispatching event typing
2025-06-14 22:05:51,736:DEBUG:discord.gateway: Keeping shard ID None websocket alive with sequence 4.
2025-06-14 22:05:51,789:DEBUG:discord.client: Dispatching event socket_raw_receive
2025-06-14 22:05:51,789:DEBUG:discord.gateway: For Shard ID None: WebSocket Event: {'t': None, 's': None, 'op': 11, 'd': None}
2025-06-14 22:05:51,789:DEBUG:discord.client: Dispatching event socket_response
2025-06-14 22:06:32,993:DEBUG:discord.gateway: Keeping shard ID None websocket alive with sequence 4.
2025-06-14 22:06:33,037:DEBUG:discord.client: Dispatching event socket_raw_receive
2025-06-14 22:06:33,037:DEBUG:discord.gateway: For Shard ID None: WebSocket Event: {'t': None, 's': None, 'op': 11, 'd': None}
2025-06-14 22:06:33,037:DEBUG:discord.client: Dispatching event socket_response
2025-06-14 22:07:14,249:DEBUG:discord.gateway: Keeping shard ID None websocket alive with sequence 4.
2025-06-14 22:07:14,295:DEBUG:discord.client: Dispatching event socket_raw_receive
2025-06-14 22:07:14,295:DEBUG:discord.gateway: For Shard ID None: WebSocket Event: {'t': None, 's': None, 'op': 11, 'd': None}
2025-06-14 22:07:14,295:DEBUG:discord.client: Dispatching event socket_response
2025-06-14 22:07:55,506:DEBUG:discord.gateway: Keeping shard ID None websocket alive with sequence 4.
2025-06-14 22:07:55,546:DEBUG:discord.client: Dispatching event socket_raw_receive
2025-06-14 22:07:55,546:DEBUG:discord.gateway: For Shard ID None: WebSocket Event: {'t': None, 's': None, 'op': 11, 'd': None}
2025-06-14 22:07:55,546:DEBUG:discord.client: Dispatching event socket_response
2025-06-14 22:08:36,770:DEBUG:discord.gateway: Keeping shard ID None websocket alive with sequence 4.
2025-06-14 22:08:36,806:DEBUG:discord.client: Dispatching event socket_raw_receive
2025-06-14 22:08:36,806:DEBUG:discord.gateway: For Shard ID None: WebSocket Event: {'t': None, 's': None, 'op': 11, 'd': None}
2025-06-14 22:08:36,806:DEBUG:discord.client: Dispatching event socket_response
2025-06-14 22:09:14,510:DEBUG:discord.client: Dispatching event socket_raw_receive
2025-06-14 22:09:14,510:DEBUG:discord.gateway: For Shard ID None: WebSocket Event: {'t': 'TYPING_START', 's': 5, 'op': 0, 'd': {'user_id': '449229001085681668', 'timestamp': 1749953354, 'member': {'user': {'username': 'pbhav.', 'public_flags': 0, 'primary_guild': None, 'id': '449229001085681668', 'global_name': 'Pbhav.', 'display_name': 'Pbhav.', 'discriminator': '0', 'collectibles': None, 'bot': False, 'avatar_decoration_data': None, 'avatar': 'cf75bb99ebf334be656e991e2592a4cf'}, 'roles': [], 'premium_since': None, 'pending': False, 'nick': None, 'mute': False, 'joined_at': '2025-06-13T18:19:47.624000+00:00', 'flags': 0, 'deaf': False, 'communication_disabled_until': None, 'banner': None, 'avatar': None}, 'channel_id': '1383148867599728680', 'guild_id': '1383148867159195749'}}
2025-06-14 22:09:14,510:DEBUG:discord.client: Dispatching event socket_response
2025-06-14 22:09:14,510:DEBUG:discord.client: Dispatching event typing
2025-06-14 22:09:15,738:DEBUG:discord.client: Dispatching event socket_raw_receive
2025-06-14 22:09:15,738:DEBUG:discord.gateway: For Shard ID None: WebSocket Event: {'t': 'MESSAGE_CREATE', 's': 6, 'op': 0, 'd': {'type': 0, 'tts': False, 'timestamp': '2025-06-15T02:09:15.477000+00:00', 'pinned': False, 'nonce': '1383629399999381504', 'mentions': [], 'mention_roles': [], 'mention_everyone': False, 'member': {'roles': [], 'premium_since': None, 'pending': False, 'nick': None, 'mute': False, 'joined_at': '2025-06-13T18:19:47.624000+00:00', 'flags': 0, 'deaf': False, 'communication_disabled_until': None, 'banner': None, 'avatar': None}, 'id': '1383629399689007115', 'flags': 0, 'embeds': [], 'edited_timestamp': None, 'content': '!hello', 'components': [], 'channel_type': 0, 'channel_id': '1383148867599728680', 'author': {'username': 'pbhav.', 'public_flags': 0, 'primary_guild': None, 'id': '449229001085681668', 'global_name': 'Pbhav.', 'discriminator': '0', 'collectibles': None, 'clan': None, 'avatar_decoration_data': None, 'avatar': 'cf75bb99ebf334be656e991e2592a4cf'}, 'attachments': [], 'guild_id': '1383148867159195749'}}
2025-06-14 22:09:15,738:DEBUG:discord.client: Dispatching event socket_response
2025-06-14 22:09:15,738:DEBUG:discord.client: Dispatching event message
2025-06-14 22:09:15,738:DEBUG:discord.client: Dispatching event command_error
2025-06-14 22:09:18,031:DEBUG:discord.gateway: Keeping shard ID None websocket alive with sequence 6.
2025-06-14 22:09:18,070:DEBUG:discord.client: Dispatching event socket_raw_receive
2025-06-14 22:09:18,070:DEBUG:discord.gateway: For Shard ID None: WebSocket Event: {'t': None, 's': None, 'op': 11, 'd': None}
2025-06-14 22:09:18,070:DEBUG:discord.client: Dispatching event socket_response
2025-06-14 22:09:25,555:DEBUG:discord.client: Dispatching event socket_raw_receive
2025-06-14 22:09:25,555:DEBUG:discord.gateway: For Shard ID None: WebSocket Event: {'t': 'GUILD_UPDATE', 's': 7, 'op': 0, 'd': {'id': '1383148867159195749', 'verification_level': 0, 'preferred_locale': 'en-US', 'afk_channel_id': None, 'inventory_settings': None, 'vanity_url_code': None, 'splash': None, 'icon': None, 'widget_enabled': False, 'rules_channel_id': None, 'premium_tier': 0, 'nsfw': False, 'system_channel_flags': 0, 'system_channel_id': '1383148867599728680', 'version': 1749953365326, 'max_members': 500000, 'afk_timeout': 300, 'application_id': None, 'hub_type': None, 'latest_onboarding_question_id': None, 'banner': None, 'nsfw_level': 0, 'max_stage_video_channel_users': 50, 'max_video_channel_users': 25, 'premium_subscription_count': 0, 'region': 'deprecated', 'features': [], 'premium_progress_bar_enabled': False, 'guild_id': '1383148867159195749', 'embed_enabled': False, 'safety_alerts_channel_id': None, 'description': None, 'roles': [{'version': 1749838787686, 'unicode_emoji': None, 'position': 0, 'permissions_new': '2248473465835073', 'permissions': 104320577, 'name': '@everyone', 'mentionable': False, 'managed': False, 'id': '1383148867159195749', 'icon': None, 'hoist': False, 'flags': 0, 'description': None, 'colors': {'tertiary_color': None, 'secondary_color': None, 'primary_color': 0}, 'color': 0}, {'version': 1749839044249, 'unicode_emoji': None, 'tags': {'bot_id': '1383148289477840989'}, 'position': 1, 'permissions_new': '275146541056', 'permissions': 268634112, 'name': 'BookBot', 'mentionable': False, 'managed': True, 'id': '1383149943471997072', 'icon': None, 'hoist': False, 'flags': 0, 'description': None, 'colors': {'tertiary_color': None, 'secondary_color': None, 'primary_color': 0}, 'color': 0}], 'owner_id': '449229001085681668', 'incidents_data': None, 'emojis': [], 'public_updates_channel_id': None, 'widget_channel_id': None, 'home_header': None, 'stickers': [], 'discovery_splash': None, 'explicit_content_filter': 0, 'default_message_notifications': 0, 'mfa_level': 0, 'name': 'BotTestServer', 'max_presences': None, 'embed_channel_id': None}}
2025-06-14 22:09:25,557:DEBUG:discord.client: Dispatching event socket_response
2025-06-14 22:09:25,557:DEBUG:discord.client: Dispatching event guild_update
2025-06-14 22:09:30,622:DEBUG:discord.client: Dispatching event socket_raw_receive
2025-06-14 22:09:30,622:DEBUG:discord.gateway: For Shard ID None: WebSocket Event: {'t': 'MESSAGE_CREATE', 's': 8, 'op': 0, 'd': {'type': 0, 'tts': False, 'timestamp': '2025-06-15T02:09:30.395000+00:00', 'pinned': False, 'nonce': '1383629461743730688', 'mentions': [], 'mention_roles': [], 'mention_everyone': False, 'member': {'roles': [], 'premium_since': None, 'pending': False, 'nick': None, 'mute': False, 'joined_at': '2025-06-13T18:19:47.624000+00:00', 'flags': 0, 'deaf': False, 'communication_disabled_until': None, 'banner': None, 'avatar': None}, 'id': '1383629462259765390', 'flags': 0, 'embeds': [], 'edited_timestamp': None, 'content': '!hello', 'components': [], 'channel_type': 0, 'channel_id': '1383148867599728680', 'author': {'username': 'pbhav.', 'public_flags': 0, 'primary_guild': None, 'id': '449229001085681668', 'global_name': 'Pbhav.', 'discriminator': '0', 'collectibles': None, 'clan': None, 'avatar_decoration_data': None, 'avatar': 'cf75bb99ebf334be656e991e2592a4cf'}, 'attachments': [], 'guild_id': '1383148867159195749'}}
2025-06-14 22:09:30,622:DEBUG:discord.client: Dispatching event socket_response
2025-06-14 22:09:30,622:DEBUG:discord.client: Dispatching event message
2025-06-14 22:09:30,622:DEBUG:discord.client: Dispatching event command_error
2025-06-14 22:09:59,288:DEBUG:discord.gateway: Keeping shard ID None websocket alive with sequence 8.
2025-06-14 22:09:59,288:INFO:discord.client: Received signal to terminate bot and event loop.
2025-06-14 22:09:59,288:INFO:discord.client: Cleaning up tasks.
2025-06-14 22:09:59,288:INFO:discord.client: Cleaning up after 1 tasks.
2025-06-14 22:09:59,289:INFO:discord.client: All tasks finished cancelling.
2025-06-14 22:09:59,289:INFO:discord.client: Closing the event loop.
2025-06-14 22:10:06,274:DEBUG:asyncio: Using selector: SelectSelector
2025-06-14 22:10:06,281:WARNING:discord.client: PyNaCl is not installed, voice will NOT be supported
2025-06-14 22:10:06,281:DEBUG:discord.client: on_ready has successfully been registered as an event
2025-06-14 22:10:06,281:INFO:discord.client: logging in using static token
2025-06-14 22:10:06,491:DEBUG:discord.http: GET https://discord.com/api/v7/users/@me with None has returned 200
2025-06-14 22:10:06,491:DEBUG:discord.http: GET https://discord.com/api/v7/users/@me has received {'id': '1383148289477840989', 'username': 'BookBot', 'avatar': '807e54d214d19246235e5317e496d344', 'discriminator': '2953', 'public_flags': 0, 'flags': 0, 'bot': True, 'banner': None, 'accent_color': None, 'global_name': None, 'avatar_decoration_data': None, 'collectibles': None, 'banner_color': None, 'clan': None, 'primary_guild': None, 'mfa_enabled': True, 'locale': 'en-US', 'premium_type': 0, 'email': None, 'verified': True, 'bio': ''}
2025-06-14 22:10:06,534:DEBUG:discord.http: GET https://discord.com/api/v7/gateway with None has returned 200
2025-06-14 22:10:06,534:DEBUG:discord.http: GET https://discord.com/api/v7/gateway has received {'url': 'wss://gateway.discord.gg'}
2025-06-14 22:10:06,677:DEBUG:discord.gateway: Created websocket connected to wss://gateway.discord.gg?encoding=json&v=6&compress=zlib-stream
2025-06-14 22:10:06,677:DEBUG:discord.client: Dispatching event socket_raw_receive
2025-06-14 22:10:06,677:DEBUG:discord.gateway: For Shard ID None: WebSocket Event: {'t': None, 's': None, 'op': 10, 'd': {'heartbeat_interval': 41250, '_trace': ['["gateway-prd-us-east1-c-92sc",{"micros":0.0}]']}}
2025-06-14 22:10:06,677:DEBUG:discord.client: Dispatching event socket_response
2025-06-14 22:10:06,677:DEBUG:discord.client: Dispatching event socket_raw_send
2025-06-14 22:10:06,679:DEBUG:discord.client: Dispatching event socket_raw_send
2025-06-14 22:10:06,679:INFO:discord.gateway: Shard ID None has sent the IDENTIFY payload.
2025-06-14 22:10:06,709:DEBUG:discord.client: Dispatching event socket_raw_receive
2025-06-14 22:10:06,709:DEBUG:discord.gateway: For Shard ID None: WebSocket Event: {'t': None, 's': None, 'op': 11, 'd': None}
2025-06-14 22:10:06,709:DEBUG:discord.client: Dispatching event socket_response
2025-06-14 22:10:06,829:DEBUG:discord.client: Dispatching event socket_raw_receive
2025-06-14 22:10:06,830:DEBUG:discord.gateway: For Shard ID None: WebSocket Event: {'t': 'READY', 's': 1, 'op': 0, 'd': {'v': 6, 'user_settings': {}, 'user': {'verified': True, 'username': 'BookBot', 'primary_guild': None, 'mfa_enabled': True, 'id': '1383148289477840989', 'global_name': None, 'flags': 0, 'email': None, 'discriminator': '2953', 'clan': None, 'bot': True, 'avatar': '807e54d214d19246235e5317e496d344'}, 'session_type': 'normal', 'session_id': '49487e05c216c869264d6137f563f6ef', 'resume_gateway_url': 'wss://gateway-us-east1-c.discord.gg', 'relationships': [], 'private_channels': [], 'presences': [], 'guilds': [{'unavailable': True, 'id': '1383148867159195749'}], 'guild_join_requests': [], 'geo_ordered_rtc_regions': ['newark', 'us-east', 'atlanta', 'us-central', 'us-south'], 'game_relationships': [], 'auth': {}, 'application': {'id': '1383148289477840989', 'flags': 557056}, '_trace': ['["gateway-prd-us-east1-c-92sc",{"micros":109295,"calls":["id_created",{"micros":393,"calls":[]},"session_lookup_time",{"micros":275,"calls":[]},"session_lookup_finished",{"micros":14,"calls":[]},"discord-sessions-prd-2-155",{"micros":108175,"calls":["start_session",{"micros":55819,"calls":["discord-api-rpc-f55bfd467-j9q2c",{"micros":47276,"calls":["get_user",{"micros":6485},"get_guilds",{"micros":8279},"send_scheduled_deletion_message",{"micros":12},"guild_join_requests",{"micros":3544},"authorized_ip_coro",{"micros":13},"pending_payments",{"micros":1276},"apex_user_experiments",{"micros":10},"user_activities",{"micros":3},"played_application_ids",{"micros":2}]}]},"starting_guild_connect",{"micros":26,"calls":[]},"presence_started",{"micros":4646,"calls":[]},"guilds_started",{"micros":124,"calls":[]},"lobbies_started",{"micros":2,"calls":[]},"guilds_connect",{"micros":1,"calls":[]},"presence_connect",{"micros":47540,"calls":[]},"connect_finished",{"micros":47544,"calls":[]},"build_ready",{"micros":11,"calls":[]},"clean_ready",{"micros":1,"calls":[]},"optimize_ready",{"micros":0,"calls":[]},"split_ready",{"micros":0,"calls":[]}]}]}]']}}
2025-06-14 22:10:06,830:DEBUG:discord.client: Dispatching event socket_response
2025-06-14 22:10:06,830:INFO:discord.gateway: Shard ID None has connected to Gateway: ["gateway-prd-us-east1-c-92sc",{"micros":109295,"calls":["id_created",{"micros":393,"calls":[]},"session_lookup_time",{"micros":275,"calls":[]},"session_lookup_finished",{"micros":14,"calls":[]},"discord-sessions-prd-2-155",{"micros":108175,"calls":["start_session",{"micros":55819,"calls":["discord-api-rpc-f55bfd467-j9q2c",{"micros":47276,"calls":["get_user",{"micros":6485},"get_guilds",{"micros":8279},"send_scheduled_deletion_message",{"micros":12},"guild_join_requests",{"micros":3544},"authorized_ip_coro",{"micros":13},"pending_payments",{"micros":1276},"apex_user_experiments",{"micros":10},"user_activities",{"micros":3},"played_application_ids",{"micros":2}]}]},"starting_guild_connect",{"micros":26,"calls":[]},"presence_started",{"micros":4646,"calls":[]},"guilds_started",{"micros":124,"calls":[]},"lobbies_started",{"micros":2,"calls":[]},"guilds_connect",{"micros":1,"calls":[]},"presence_connect",{"micros":47540,"calls":[]},"connect_finished",{"micros":47544,"calls":[]},"build_ready",{"micros":11,"calls":[]},"clean_ready",{"micros":1,"calls":[]},"optimize_ready",{"micros":0,"calls":[]},"split_ready",{"micros":0,"calls":[]}]}]}] (Session ID: 49487e05c216c869264d6137f563f6ef).
2025-06-14 22:10:06,835:DEBUG:discord.client: Dispatching event connect
2025-06-14 22:10:06,835:DEBUG:discord.client: Dispatching event socket_raw_receive
2025-06-14 22:10:06,841:DEBUG:discord.client: Dispatching event socket_response
2025-06-14 22:10:06,842:DEBUG:discord.client: Dispatching event socket_raw_send
2025-06-14 22:10:06,899:DEBUG:discord.client: Dispatching event socket_raw_receive
2025-06-14 22:10:06,899:DEBUG:discord.gateway: For Shard ID None: WebSocket Event: {'t': 'GUILD_MEMBERS_CHUNK', 's': 3, 'op': 0, 'd': {'nonce': '919e60b0abcb5305c48e8dfee074bb4a', 'members': [{'user': {'username': 'pbhav.', 'public_flags': 0, 'primary_guild': None, 'id': '449229001085681668', 'global_name': 'Pbhav.', 'display_name': 'Pbhav.', 'discriminator': '0', 'collectibles': None, 'bot': False, 'avatar_decoration_data': None, 'avatar': 'cf75bb99ebf334be656e991e2592a4cf'}, 'roles': [], 'premium_since': None, 'pending': False, 'nick': None, 'mute': False, 'joined_at': '2025-06-13T18:19:47.624000+00:00', 'flags': 0, 'deaf': False, 'communication_disabled_until': None, 'banner': None, 'avatar': None}, {'user': {'username': 'BookBot', 'public_flags': 0, 'primary_guild': None, 'id': '1383148289477840989', 'global_name': None, 'display_name': None, 'discriminator': '2953', 'collectibles': None, 'bot': True, 'avatar_decoration_data': None, 'avatar': '807e54d214d19246235e5317e496d344'}, 'roles': ['1383149943471997072'], 'premium_since': None, 'pending': False, 'nick': None, 'mute': False, 'joined_at': '2025-06-13T18:24:04.313000+00:00', 'flags': 0, 'deaf': False, 'communication_disabled_until': None, 'banner': None, 'avatar': None}], 'guild_id': '1383148867159195749', 'chunk_index': 0, 'chunk_count': 1}}
2025-06-14 22:10:06,899:DEBUG:discord.client: Dispatching event socket_response
2025-06-14 22:10:06,899:DEBUG:discord.state: Processed a chunk for 2 members in guild ID 1383148867159195749.
2025-06-14 22:10:08,844:DEBUG:discord.client: Dispatching event guild_available
2025-06-14 22:10:08,844:DEBUG:discord.client: Dispatching event ready
2025-06-14 22:10:13,510:DEBUG:discord.client: Dispatching event socket_raw_receive
2025-06-14 22:10:13,510:DEBUG:discord.gateway: For Shard ID None: WebSocket Event: {'t': 'MESSAGE_CREATE', 's': 4, 'op': 0, 'd': {'type': 0, 'tts': False, 'timestamp': '2025-06-15T02:10:13.247000+00:00', 'pinned': False, 'nonce': '1383629641742286848', 'mentions': [], 'mention_roles': [], 'mention_everyone': False, 'member': {'roles': [], 'premium_since': None, 'pending': False, 'nick': None, 'mute': False, 'joined_at': '2025-06-13T18:19:47.624000+00:00', 'flags': 0, 'deaf': False, 'communication_disabled_until': None, 'banner': None, 'avatar': None}, 'id': '1383629641994080286', 'flags': 0, 'embeds': [], 'edited_timestamp': None, 'content': '!hello', 'components': [], 'channel_type': 0, 'channel_id': '1383148867599728680', 'author': {'username': 'pbhav.', 'public_flags': 0, 'primary_guild': None, 'id': '449229001085681668', 'global_name': 'Pbhav.', 'discriminator': '0', 'collectibles': None, 'clan': None, 'avatar_decoration_data': None, 'avatar': 'cf75bb99ebf334be656e991e2592a4cf'}, 'attachments': [], 'guild_id': '1383148867159195749'}}
2025-06-14 22:10:13,510:DEBUG:discord.client: Dispatching event socket_response
2025-06-14 22:10:13,510:DEBUG:discord.client: Dispatching event message
2025-06-14 22:10:13,511:DEBUG:discord.client: Dispatching event command
2025-06-14 22:10:13,677:DEBUG:discord.client: Dispatching event socket_raw_receive
2025-06-14 22:10:13,677:DEBUG:discord.gateway: For Shard ID None: WebSocket Event: {'t': 'MESSAGE_CREATE', 's': 5, 'op': 0, 'd': {'type': 0, 'tts': False, 'timestamp': '2025-06-15T02:10:13.471000+00:00', 'pinned': False, 'mentions': [], 'mention_roles': [], 'mention_everyone': False, 'member': {'roles': ['1383149943471997072'], 'premium_since': None, 'pending': False, 'nick': None, 'mute': False, 'joined_at': '2025-06-13T18:24:04.313000+00:00', 'flags': 0, 'deaf': False, 'communication_disabled_until': None, 'banner': None, 'avatar': None}, 'id': '1383629642933469346', 'flags': 0, 'embeds': [], 'edited_timestamp': None, 'content': 'Hi Flock, this is the book bot to track books.', 'components': [], 'channel_type': 0, 'channel_id': '1383148867599728680', 'author': {'username': 'BookBot', 'public_flags': 0, 'primary_guild': None, 'id': '1383148289477840989', 'global_name': None, 'discriminator': '2953', 'collectibles': None, 'clan': None, 'bot': True, 'avatar_decoration_data': None, 'avatar': '807e54d214d19246235e5317e496d344'}, 'attachments': [], 'guild_id': '1383148867159195749'}}
2025-06-14 22:10:13,677:DEBUG:discord.client: Dispatching event socket_response
2025-06-14 22:10:13,678:DEBUG:discord.client: Dispatching event message
2025-06-14 22:10:13,720:DEBUG:discord.http: POST https://discord.com/api/v7/channels/1383148867599728680/messages with {"content":"Hi Flock, this is the book bot to track books."} has returned 200
2025-06-14 22:10:13,721:DEBUG:discord.http: POST https://discord.com/api/v7/channels/1383148867599728680/messages has received {'type': 0, 'content': 'Hi Flock, this is the book bot to track books.', 'mentions': [], 'mention_roles': [], 'attachments': [], 'embeds': [], 'timestamp': '2025-06-15T02:10:13.471000+00:00', 'edited_timestamp': None, 'flags': 0, 'components': [], 'id': '1383629642933469346', 'channel_id': '1383148867599728680', 'author': {'id': '1383148289477840989', 'username': 'BookBot', 'avatar': '807e54d214d19246235e5317e496d344', 'discriminator': '2953', 'public_flags': 0, 'flags': 0, 'bot': True, 'banner': None, 'accent_color': None, 'global_name': None, 'avatar_decoration_data': None, 'collectibles': None, 'banner_color': None, 'clan': None, 'primary_guild': None}, 'pinned': False, 'mention_everyone': False, 'tts': False}
2025-06-14 22:10:13,721:DEBUG:discord.client: Dispatching event command_completion
2025-06-14 22:10:26,845:DEBUG:discord.client: Dispatching event socket_raw_receive
2025-06-14 22:10:26,845:DEBUG:discord.gateway: For Shard ID None: WebSocket Event: {'t': 'GUILD_MEMBER_ADD', 's': 6, 'op': 0, 'd': {'user': {'username': 'manny6902', 'public_flags': 128, 'primary_guild': None, 'id': '333959051392188417', 'global_name': 'Manish', 'discriminator': '0', 'collectibles': None, 'clan': None, 'avatar_decoration_data': None, 'avatar': '2d8a013db24b9937aecee00ce08fc338'}, 'unusual_dm_activity_until': None, 'roles': [], 'premium_since': None, 'pending': False, 'nick': None, 'mute': False, 'joined_at': '2025-06-15T02:10:26.595572+00:00', 'guild_id': '1383148867159195749', 'flags': 0, 'deaf': False, 'communication_disabled_until': None, 'banner': None, 'avatar': None}}
2025-06-14 22:10:26,845:DEBUG:discord.client: Dispatching event socket_response
2025-06-14 22:10:26,846:DEBUG:discord.client: Dispatching event member_join
2025-06-14 22:10:28,220:DEBUG:discord.client: Dispatching event socket_raw_receive
2025-06-14 22:10:28,220:DEBUG:discord.gateway: For Shard ID None: WebSocket Event: {'t': 'MESSAGE_CREATE', 's': 7, 'op': 0, 'd': {'type': 7, 'tts': False, 'timestamp': '2025-06-15T02:10:27.997000+00:00', 'pinned': False, 'mentions': [], 'mention_roles': [], 'mention_everyone': False, 'member': {'roles': [], 'premium_since': None, 'pending': False, 'nick': None, 'mute': False, 'joined_at': '2025-06-15T02:10:26.595572+00:00', 'flags': 0, 'deaf': False, 'communication_disabled_until': None, 'banner': None, 'avatar': None}, 'id': '1383629703860191294', 'flags': 0, 'embeds': [], 'edited_timestamp': None, 'content': '', 'components': [], 'channel_type': 0, 'channel_id': '1383148867599728680', 'author': {'username': 'manny6902', 'public_flags': 128, 'primary_guild': None, 'id': '333959051392188417', 'global_name': 'Manish', 'discriminator': '0', 'collectibles': None, 'clan': None, 'avatar_decoration_data': None, 'avatar': '2d8a013db24b9937aecee00ce08fc338'}, 'attachments': [], 'guild_id': '1383148867159195749'}}
2025-06-14 22:10:28,220:DEBUG:discord.client: Dispatching event socket_response
2025-06-14 22:10:28,220:DEBUG:discord.client: Dispatching event message
